[1.034s] DEBUG:colcon:Command line arguments: ['/usr/bin/colcon', 'build', '--symlink-install']
[1.035s] DEBUG:colcon:Parsed command line arguments: Namespace(log_base=None, log_level=None, verb_name='build', build_base='build', install_base='install', merge_install=False, symlink_install=True, test_result_base=None, continue_on_error=False, executor='parallel', parallel_workers=22, event_handlers=None, ignore_user_meta=False, metas=['./colcon.meta'], base_paths=['.'], packages_ignore=None, packages_ignore_regex=None, paths=None, packages_up_to=None, packages_up_to_regex=None, packages_above=None, packages_above_and_dependencies=None, packages_above_depth=None, packages_select_by_dep=None, packages_skip_by_dep=None, packages_skip_up_to=None, packages_select_build_failed=False, packages_skip_build_finished=False, packages_select_test_failures=False, packages_skip_test_passed=False, packages_select=None, packages_skip=None, packages_select_regex=None, packages_skip_regex=None, packages_start=None, packages_end=None, allow_overriding=[], cmake_args=None, cmake_target=None, cmake_target_skip_unavailable=False, cmake_clean_cache=False, cmake_clean_first=False, cmake_force_configure=False, ament_cmake_args=None, catkin_cmake_args=None, catkin_skip_building_tests=False, mixin_files=None, mixin=None, verb_parser=<colcon_mixin.mixin.mixin_argument.MixinArgumentDecorator object at 0x74f8e3e73730>, verb_extension=<colcon_core.verb.build.BuildVerb object at 0x74f8e3e30400>, main=<bound method BuildVerb.main of <colcon_core.verb.build.BuildVerb object at 0x74f8e3e30400>>, mixin_verb=('build',))
[2.460s] Level 1:colcon.colcon_core.package_discovery:discover_packages(colcon_meta) check parameters
[2.461s] Level 1:colcon.colcon_core.package_discovery:discover_packages(recursive) check parameters
[2.461s] Level 1:colcon.colcon_core.package_discovery:discover_packages(ignore) check parameters
[2.461s] Level 1:colcon.colcon_core.package_discovery:discover_packages(path) check parameters
[2.461s] Level 1:colcon.colcon_core.package_discovery:discover_packages(colcon_meta) discover
[2.462s] Level 1:colcon.colcon_core.package_discovery:discover_packages(recursive) discover
[2.462s] INFO:colcon.colcon_core.package_discovery:Crawling recursively for packages in '/home/WVU-AD/md00126/real_sense_camera'
[2.462s] Level 1:colcon.colcon_core.package_identification:_identify(.) by extensions ['ignore', 'ignore_ament_install']
[2.463s] Level 1:colcon.colcon_core.package_identification:_identify(.) by extension 'ignore'
[2.464s] Level 1:colcon.colcon_core.package_identification:_identify(.) by extension 'ignore_ament_install'
[2.464s] Level 1:colcon.colcon_core.package_identification:_identify(.) by extensions ['colcon_pkg']
[2.464s] Level 1:colcon.colcon_core.package_identification:_identify(.) by extension 'colcon_pkg'
[2.465s] Level 1:colcon.colcon_core.package_identification:_identify(.) by extensions ['colcon_meta']
[2.465s] Level 1:colcon.colcon_core.package_identification:_identify(.) by extension 'colcon_meta'
[2.465s] Level 1:colcon.colcon_core.package_identification:_identify(.) by extensions ['ros']
[2.465s] Level 1:colcon.colcon_core.package_identification:_identify(.) by extension 'ros'
[2.664s] Level 1:colcon.colcon_core.package_identification:_identify(.) by extensions ['cmake', 'python']
[2.665s] Level 1:colcon.colcon_core.package_identification:_identify(.) by extension 'cmake'
[2.665s] Level 1:colcon.colcon_core.package_identification:_identify(.) by extension 'python'
[2.665s] Level 1:colcon.colcon_core.package_identification:_identify(.) by extensions ['python_setup_py']
[2.666s] Level 1:colcon.colcon_core.package_identification:_identify(.) by extension 'python_setup_py'
[2.666s] Level 1:colcon.colcon_core.package_identification:_identify(build) by extensions ['ignore', 'ignore_ament_install']
[2.667s] Level 1:colcon.colcon_core.package_identification:_identify(build) by extension 'ignore'
[2.667s] Level 1:colcon.colcon_core.package_identification:_identify(build) ignored
[2.668s] Level 1:colcon.colcon_core.package_identification:_identify(install) by extensions ['ignore', 'ignore_ament_install']
[2.669s] Level 1:colcon.colcon_core.package_identification:_identify(install) by extension 'ignore'
[2.669s] Level 1:colcon.colcon_core.package_identification:_identify(install) ignored
[2.670s] Level 1:colcon.colcon_core.package_identification:_identify(log) by extensions ['ignore', 'ignore_ament_install']
[2.670s] Level 1:colcon.colcon_core.package_identification:_identify(log) by extension 'ignore'
[2.670s] Level 1:colcon.colcon_core.package_identification:_identify(log) ignored
[2.671s] Level 1:colcon.colcon_core.package_identification:_identify(src) by extensions ['ignore', 'ignore_ament_install']
[2.671s] Level 1:colcon.colcon_core.package_identification:_identify(src) by extension 'ignore'
[2.672s] Level 1:colcon.colcon_core.package_identification:_identify(src) by extension 'ignore_ament_install'
[2.672s] Level 1:colcon.colcon_core.package_identification:_identify(src) by extensions ['colcon_pkg']
[2.672s] Level 1:colcon.colcon_core.package_identification:_identify(src) by extension 'colcon_pkg'
[2.672s] Level 1:colcon.colcon_core.package_identification:_identify(src) by extensions ['colcon_meta']
[2.673s] Level 1:colcon.colcon_core.package_identification:_identify(src) by extension 'colcon_meta'
[2.673s] Level 1:colcon.colcon_core.package_identification:_identify(src) by extensions ['ros']
[2.673s] Level 1:colcon.colcon_core.package_identification:_identify(src) by extension 'ros'
[2.674s] Level 1:colcon.colcon_core.package_identification:_identify(src) by extensions ['cmake', 'python']
[2.674s] Level 1:colcon.colcon_core.package_identification:_identify(src) by extension 'cmake'
[2.674s] Level 1:colcon.colcon_core.package_identification:_identify(src) by extension 'python'
[2.674s] Level 1:colcon.colcon_core.package_identification:_identify(src) by extensions ['python_setup_py']
[2.674s] Level 1:colcon.colcon_core.package_identification:_identify(src) by extension 'python_setup_py'
[2.675s] Level 1:colcon.colcon_core.package_discovery:discover_packages(recursive) using defaults
[2.675s] Level 1:colcon.colcon_core.package_discovery:discover_packages(ignore) discover
[2.675s] Level 1:colcon.colcon_core.package_discovery:discover_packages(ignore) using defaults
[2.675s] Level 1:colcon.colcon_core.package_discovery:discover_packages(path) discover
[2.675s] Level 1:colcon.colcon_core.package_discovery:discover_packages(path) using defaults
[2.822s] Level 1:colcon.colcon_core.package_discovery:discover_packages(prefix_path) check parameters
[2.823s] Level 1:colcon.colcon_core.package_discovery:discover_packages(prefix_path) discover
[2.841s] DEBUG:colcon.colcon_installed_package_information.package_discovery:Found 14 installed packages in /home/WVU-AD/md00126/franka_ros2_ws/install
[2.851s] DEBUG:colcon.colcon_installed_package_information.package_discovery:Found 363 installed packages in /opt/ros/humble
[2.862s] Level 1:colcon.colcon_core.package_discovery:discover_packages(prefix_path) using defaults
[3.194s] INFO:colcon.colcon_core.executor:Executing jobs using 'parallel' executor
[3.200s] DEBUG:colcon.colcon_parallel_executor.executor.parallel:run_until_complete
[3.201s] DEBUG:colcon.colcon_parallel_executor.executor.parallel:closing loop
[3.202s] DEBUG:colcon.colcon_parallel_executor.executor.parallel:loop closed
[3.202s] DEBUG:colcon.colcon_parallel_executor.executor.parallel:run_until_complete finished with '0'
[3.203s] DEBUG:colcon.colcon_core.event_reactor:joining thread
[3.238s] INFO:colcon.colcon_core.plugin_system:Skipping extension 'colcon_notification.desktop_notification.terminal_notifier': Not used on non-Darwin systems
[3.239s] INFO:colcon.colcon_core.plugin_system:Skipping extension 'colcon_notification.desktop_notification.win32': Not used on non-Windows systems
[3.239s] INFO:colcon.colcon_notification.desktop_notification:Sending desktop notification using 'notify2'
[3.325s] DEBUG:colcon.colcon_core.event_reactor:joined thread
[3.345s] INFO:colcon.colcon_core.plugin_system:Skipping extension 'colcon_core.shell.bat': Not used on non-Windows systems
[3.347s] INFO:colcon.colcon_core.shell:Creating prefix script '/home/WVU-AD/md00126/real_sense_camera/install/local_setup.ps1'
[3.353s] INFO:colcon.colcon_core.shell:Creating prefix util module '/home/WVU-AD/md00126/real_sense_camera/install/_local_setup_util_ps1.py'
[3.362s] INFO:colcon.colcon_core.shell:Creating prefix chain script '/home/WVU-AD/md00126/real_sense_camera/install/setup.ps1'
[3.371s] INFO:colcon.colcon_core.shell:Creating prefix script '/home/WVU-AD/md00126/real_sense_camera/install/local_setup.sh'
[3.374s] INFO:colcon.colcon_core.shell:Creating prefix util module '/home/WVU-AD/md00126/real_sense_camera/install/_local_setup_util_sh.py'
[3.377s] INFO:colcon.colcon_core.shell:Creating prefix chain script '/home/WVU-AD/md00126/real_sense_camera/install/setup.sh'
[3.385s] INFO:colcon.colcon_core.shell:Creating prefix script '/home/WVU-AD/md00126/real_sense_camera/install/local_setup.bash'
[3.389s] INFO:colcon.colcon_core.shell:Creating prefix chain script '/home/WVU-AD/md00126/real_sense_camera/install/setup.bash'
[3.398s] INFO:colcon.colcon_core.shell:Creating prefix script '/home/WVU-AD/md00126/real_sense_camera/install/local_setup.zsh'
[3.401s] INFO:colcon.colcon_core.shell:Creating prefix chain script '/home/WVU-AD/md00126/real_sense_camera/install/setup.zsh'
