[0.423s] Invoking command in '/home/WVU-AD/md00126/real_sense_camera/src/RGBD_data': PYTHONPATH=/home/WVU-AD/md00126/real_sense_camera/build/RGBD_data/prefix_override:/usr/lib/python3/dist-packages/colcon_core/task/python/colcon_distutils_commands:/home/WVU-AD/md00126/real_sense_camera/install/RGBD_data/lib/python3.10/site-packages:${PYTHONPATH} /usr/bin/python3 -W ignore:setup.py install is deprecated -W ignore:easy_install command is deprecated setup.py egg_info --egg-base ../../build/RGBD_data build --build-base /home/WVU-AD/md00126/real_sense_camera/build/RGBD_data/build install --record /home/WVU-AD/md00126/real_sense_camera/build/RGBD_data/install.log --single-version-externally-managed install_data
[0.559s] running egg_info
[0.560s] creating ../../build/RGBD_data/RGBD_data.egg-info
[0.560s] writing ../../build/RGBD_data/RGBD_data.egg-info/PKG-INFO
[0.560s] writing dependency_links to ../../build/RGBD_data/RGBD_data.egg-info/dependency_links.txt
[0.560s] writing entry points to ../../build/RGBD_data/RGBD_data.egg-info/entry_points.txt
[0.560s] writing requirements to ../../build/RGBD_data/RGBD_data.egg-info/requires.txt
[0.560s] writing top-level names to ../../build/RGBD_data/RGBD_data.egg-info/top_level.txt
[0.560s] writing manifest file '../../build/RGBD_data/RGBD_data.egg-info/SOURCES.txt'
[0.561s] reading manifest file '../../build/RGBD_data/RGBD_data.egg-info/SOURCES.txt'
[0.561s] adding license file 'LICENSE'
[0.561s] writing manifest file '../../build/RGBD_data/RGBD_data.egg-info/SOURCES.txt'
[0.561s] running build
[0.562s] running build_py
[0.562s] creating /home/WVU-AD/md00126/real_sense_camera/build/RGBD_data/build
[0.562s] creating /home/WVU-AD/md00126/real_sense_camera/build/RGBD_data/build/lib
[0.562s] creating /home/WVU-AD/md00126/real_sense_camera/build/RGBD_data/build/lib/RGBD_data
[0.562s] copying RGBD_data/__init__.py -> /home/WVU-AD/md00126/real_sense_camera/build/RGBD_data/build/lib/RGBD_data
[0.562s] copying RGBD_data/realsense_sub.py -> /home/WVU-AD/md00126/real_sense_camera/build/RGBD_data/build/lib/RGBD_data
[0.565s] copying RGBD_data/realsense_pub.py -> /home/WVU-AD/md00126/real_sense_camera/build/RGBD_data/build/lib/RGBD_data
[0.565s] running install
[0.565s] running install_lib
[0.566s] creating /home/WVU-AD/md00126/real_sense_camera/install/RGBD_data/lib/python3.10/site-packages/RGBD_data
[0.566s] copying /home/WVU-AD/md00126/real_sense_camera/build/RGBD_data/build/lib/RGBD_data/__init__.py -> /home/WVU-AD/md00126/real_sense_camera/install/RGBD_data/lib/python3.10/site-packages/RGBD_data
[0.566s] copying /home/WVU-AD/md00126/real_sense_camera/build/RGBD_data/build/lib/RGBD_data/realsense_sub.py -> /home/WVU-AD/md00126/real_sense_camera/install/RGBD_data/lib/python3.10/site-packages/RGBD_data
[0.566s] copying /home/WVU-AD/md00126/real_sense_camera/build/RGBD_data/build/lib/RGBD_data/realsense_pub.py -> /home/WVU-AD/md00126/real_sense_camera/install/RGBD_data/lib/python3.10/site-packages/RGBD_data
[0.566s] byte-compiling /home/WVU-AD/md00126/real_sense_camera/install/RGBD_data/lib/python3.10/site-packages/RGBD_data/__init__.py to __init__.cpython-310.pyc
[0.566s] byte-compiling /home/WVU-AD/md00126/real_sense_camera/install/RGBD_data/lib/python3.10/site-packages/RGBD_data/realsense_sub.py to realsense_sub.cpython-310.pyc
[0.567s] byte-compiling /home/WVU-AD/md00126/real_sense_camera/install/RGBD_data/lib/python3.10/site-packages/RGBD_data/realsense_pub.py to realsense_pub.cpython-310.pyc
[0.567s] running install_data
[0.567s] creating /home/WVU-AD/md00126/real_sense_camera/install/RGBD_data/share/ament_index
[0.567s] creating /home/WVU-AD/md00126/real_sense_camera/install/RGBD_data/share/ament_index/resource_index
[0.567s] creating /home/WVU-AD/md00126/real_sense_camera/install/RGBD_data/share/ament_index/resource_index/packages
[0.567s] copying resource/RGBD_data -> /home/WVU-AD/md00126/real_sense_camera/install/RGBD_data/share/ament_index/resource_index/packages
[0.567s] copying package.xml -> /home/WVU-AD/md00126/real_sense_camera/install/RGBD_data/share/RGBD_data
[0.567s] running install_egg_info
[0.569s] Copying ../../build/RGBD_data/RGBD_data.egg-info to /home/WVU-AD/md00126/real_sense_camera/install/RGBD_data/lib/python3.10/site-packages/RGBD_data-0.0.0-py3.10.egg-info
[0.570s] running install_scripts
[0.581s] Installing realsense_pub script to /home/WVU-AD/md00126/real_sense_camera/install/RGBD_data/lib/RGBD_data
[0.581s] Installing realsense_sub script to /home/WVU-AD/md00126/real_sense_camera/install/RGBD_data/lib/RGBD_data
[0.581s] writing list of installed files to '/home/WVU-AD/md00126/real_sense_camera/build/RGBD_data/install.log'
[0.595s] Invoked command in '/home/WVU-AD/md00126/real_sense_camera/src/RGBD_data' returned '0': PYTHONPATH=/home/WVU-AD/md00126/real_sense_camera/build/RGBD_data/prefix_override:/usr/lib/python3/dist-packages/colcon_core/task/python/colcon_distutils_commands:/home/WVU-AD/md00126/real_sense_camera/install/RGBD_data/lib/python3.10/site-packages:${PYTHONPATH} /usr/bin/python3 -W ignore:setup.py install is deprecated -W ignore:easy_install command is deprecated setup.py egg_info --egg-base ../../build/RGBD_data build --build-base /home/WVU-AD/md00126/real_sense_camera/build/RGBD_data/build install --record /home/WVU-AD/md00126/real_sense_camera/build/RGBD_data/install.log --single-version-externally-managed install_data
